<?xml version="1.0" encoding="UTF-8"?>
<!-- Generated by org.testng.reporters.JUnitReportReporter -->
<testsuite hostname="MacBook-Pro" failures="0" tests="1" name="TestRunner" time="0.238" errors="1" timestamp="2023-02-26T00:30:33 EST" skipped="0">
  <testcase classname="TestRunner" name="setUpClass" time="0.238">
    <error message="Failed to parse resource at: file:///Users/kamrunnessa/Documents/GitStuff/LIPI1/src/test/java/features/login.feature
(1:1): expected: #EOF, #Language, #TagLine, #FeatureLine, #Comment, #Empty, got &#039;Scenario: User should able to login with valid email and valid password&#039;
(2:5): expected: #EOF, #Language, #TagLine, #FeatureLine, #Comment, #Empty, got &#039;Given User should be on TalentTEK homepage&#039;
(3:5): expected: #EOF, #Language, #TagLine, #FeatureLine, #Comment, #Empty, got &#039;And User enter valid email address&#039;
(4:5): expected: #EOF, #Language, #TagLine, #FeatureLine, #Comment, #Empty, got &#039;And User enter valid password&#039;
(5:5): expected: #EOF, #Language, #TagLine, #FeatureLine, #Comment, #Empty, got &#039;When User clicks on Log In button&#039;
(6:5): expected: #EOF, #Language, #TagLine, #FeatureLine, #Comment, #Empty, got &#039;Then User should be able to successfully login&#039;
(8:1): expected: #EOF, #Language, #TagLine, #FeatureLine, #Comment, #Empty, got &#039;Scenario: User should not able to login with valid email and invalid password&#039;
(9:5): expected: #EOF, #Language, #TagLine, #FeatureLine, #Comment, #Empty, got &#039;Given User should be on TalentTEK homepage&#039;
(10:5): expected: #EOF, #Language, #TagLine, #FeatureLine, #Comment, #Empty, got &#039;And  User enter valid email address&#039;
(11:5): expected: #EOF, #Language, #TagLine, #FeatureLine, #Comment, #Empty, got &#039;And  User enter invalid password&#039;
(12:5): expected: #EOF, #Language, #TagLine, #FeatureLine, #Comment, #Empty, got &#039;When User clicks on Log In button&#039;" type="io.cucumber.core.gherkin.FeatureParserException">
      <![CDATA[io.cucumber.core.gherkin.FeatureParserException: Failed to parse resource at: file:///Users/kamrunnessa/Documents/GitStuff/LIPI1/src/test/java/features/login.feature
(1:1): expected: #EOF, #Language, #TagLine, #FeatureLine, #Comment, #Empty, got 'Scenario: User should able to login with valid email and valid password'
(2:5): expected: #EOF, #Language, #TagLine, #FeatureLine, #Comment, #Empty, got 'Given User should be on TalentTEK homepage'
(3:5): expected: #EOF, #Language, #TagLine, #FeatureLine, #Comment, #Empty, got 'And User enter valid email address'
(4:5): expected: #EOF, #Language, #TagLine, #FeatureLine, #Comment, #Empty, got 'And User enter valid password'
(5:5): expected: #EOF, #Language, #TagLine, #FeatureLine, #Comment, #Empty, got 'When User clicks on Log In button'
(6:5): expected: #EOF, #Language, #TagLine, #FeatureLine, #Comment, #Empty, got 'Then User should be able to successfully login'
(8:1): expected: #EOF, #Language, #TagLine, #FeatureLine, #Comment, #Empty, got 'Scenario: User should not able to login with valid email and invalid password'
(9:5): expected: #EOF, #Language, #TagLine, #FeatureLine, #Comment, #Empty, got 'Given User should be on TalentTEK homepage'
(10:5): expected: #EOF, #Language, #TagLine, #FeatureLine, #Comment, #Empty, got 'And  User enter valid email address'
(11:5): expected: #EOF, #Language, #TagLine, #FeatureLine, #Comment, #Empty, got 'And  User enter invalid password'
(12:5): expected: #EOF, #Language, #TagLine, #FeatureLine, #Comment, #Empty, got 'When User clicks on Log In button'
at io.cucumber.core.gherkin.messages.GherkinMessagesFeatureParser.parse(GherkinMessagesFeatureParser.java:52)
at io.cucumber.core.feature.FeatureParser.parseResource(FeatureParser.java:47)
at java.base/java.util.function.BiFunction.lambda$andThen$0(BiFunction.java:70)
at io.cucumber.core.resource.ResourceScanner.lambda$processResource$1(ResourceScanner.java:79)
at io.cucumber.core.resource.PathScanner$ResourceFileVisitor.visitFile(PathScanner.java:75)
at io.cucumber.core.resource.PathScanner$ResourceFileVisitor.visitFile(PathScanner.java:60)
at java.base/java.nio.file.Files.walkFileTree(Files.java:2810)
at io.cucumber.core.resource.PathScanner.findResourcesForPath(PathScanner.java:53)
at io.cucumber.core.resource.PathScanner.findResourcesForUri(PathScanner.java:31)
at io.cucumber.core.resource.ResourceScanner.findResourcesForUri(ResourceScanner.java:61)
at io.cucumber.core.resource.ResourceScanner.scanForResourcesUri(ResourceScanner.java:134)
at io.cucumber.core.runtime.FeaturePathFeatureSupplier.loadFeatures(FeaturePathFeatureSupplier.java:62)
at io.cucumber.core.runtime.FeaturePathFeatureSupplier.get(FeaturePathFeatureSupplier.java:45)
at io.cucumber.testng.TestNGCucumberRunner.<init>(TestNGCucumberRunner.java:108)
at io.cucumber.testng.AbstractTestNGCucumberTests.setUpClass(AbstractTestNGCucumberTests.java:23)
at java.base/jdk.internal.reflect.DirectMethodHandleAccessor.invoke(DirectMethodHandleAccessor.java:104)
at java.base/java.lang.reflect.Method.invoke(Method.java:578)
at org.testng.internal.MethodInvocationHelper.invokeMethod(MethodInvocationHelper.java:132)
at org.testng.internal.MethodInvocationHelper.invokeMethodConsideringTimeout(MethodInvocationHelper.java:61)
at org.testng.internal.ConfigInvoker.invokeConfigurationMethod(ConfigInvoker.java:366)
at org.testng.internal.ConfigInvoker.invokeConfigurations(ConfigInvoker.java:320)
at org.testng.internal.TestMethodWorker.invokeBeforeClassMethods(TestMethodWorker.java:176)
at org.testng.internal.TestMethodWorker.run(TestMethodWorker.java:122)
at java.base/java.util.concurrent.ThreadPoolExecutor.runWorker(ThreadPoolExecutor.java:1144)
at java.base/java.util.concurrent.ThreadPoolExecutor$Worker.run(ThreadPoolExecutor.java:642)
at java.base/java.lang.Thread.run(Thread.java:1589)
]]>
    </error>
  </testcase> <!-- setUpClass -->
  <system-out/>
</testsuite> <!-- TestRunner -->
